<?xml version="1.0" encoding="UTF-8"?>
<testng-results skipped="0" failed="0" total="1" passed="1">
  <reporter-output>
  </reporter-output>
  <suite name="Default suite" duration-ms="3030" started-at="2012-11-07T23:08:59Z" finished-at="2012-11-07T23:09:02Z">
    <groups>
    </groups>
    <test name="Default test" duration-ms="3030" started-at="2012-11-07T23:08:59Z" finished-at="2012-11-07T23:09:02Z">
      <class name="CityRailTests.TimeTablePageTests">
        <test-method status="PASS" signature="SetUp()[pri:0, instance:CityRailTests.TimeTablePageTests@46d999a]" name="SetUp" is-config="true" duration-ms="586" started-at="2012-11-08T10:08:59Z" finished-at="2012-11-08T10:09:00Z">
          <reporter-output>
          </reporter-output>
        </test-method> <!-- SetUp -->
        <test-method status="PASS" signature="SearchTrainTimeTable()[pri:0, instance:CityRailTests.TimeTablePageTests@46d999a]" name="SearchTrainTimeTable" duration-ms="2427" started-at="2012-11-08T10:09:00Z" finished-at="2012-11-08T10:09:02Z">
          <reporter-output>
          </reporter-output>
        </test-method> <!-- SearchTrainTimeTable -->
        <test-method status="PASS" signature="TearDown()[pri:0, instance:CityRailTests.TimeTablePageTests@46d999a]" name="TearDown" is-config="true" duration-ms="8" started-at="2012-11-08T10:09:02Z" finished-at="2012-11-08T10:09:02Z">
          <reporter-output>
          </reporter-output>
        </test-method> <!-- TearDown -->
      </class> <!-- CityRailTests.TimeTablePageTests -->
    </test> <!-- Default test -->
  </suite> <!-- Default suite -->
</testng-results>
